06/12 10:27:06 FINER client.SimClient|creating agent instance of ExampleAgent
06/12 10:27:06 FINE client.ServerConnection|(1) connecting to server 192.168.20.236 at port 6502
06/12 10:27:06 FINE client.ServerConnection|(1) connected to server 192.168.20.236
06/12 10:27:06 FINEST client.ServerConnection|(1) sending Message[SNSA,admin,adminContent[auth,[name=SNSA,password=Unbeatable,client.version=0.9.6]]]
06/12 10:27:06 FINEST client.SimClient|(1) received adminContent[auth,[server.version=0.8.19]]
06/12 10:27:06 FINER client.ServerConnection|(1) successfully logged in as SNSA
06/12 10:27:06 FINEST client.ServerConnection|(1) sending Message[SNSA,admin,adminContent[server time,[]]]
06/12 10:27:06 FINEST client.ServerConnection|(1) sending Message[SNSA,admin,adminContent[join simulation,[]]]
06/12 10:27:06 FINEST client.SimClient|(1) received adminContent[server time,[time=1544092028089]]
06/12 10:27:08 FINEST client.SimClient|(1) received adminContent[join simulation,[type=tac06scm,simulation=1,startTime=1544092200000,role=PCManufacturer]]
06/12 10:27:08 INFO client.SimClient|next simulation 1 starts in 171 seconds
06/12 10:27:08 INFO client.SimClient|[will reconnect in 2 minutes, 36 seconds]
06/12 10:27:08 FINEST client.ServerConnection|(1) sending Message[SNSA,admin,adminContent[quit,[]]]
06/12 10:27:08 FINEST client.ServerConnection|(1) received Message[admin,SNSA,adminContent[quit,[]]]
06/12 10:27:08 FINE client.ServerConnection|(1) disconnected from server 192.168.20.236
06/12 10:29:45 FINE client.ServerConnection|(2) connecting to server 192.168.20.236 at port 6502
06/12 10:29:45 FINE client.ServerConnection|(2) connected to server 192.168.20.236
06/12 10:29:45 FINEST client.ServerConnection|(2) sending Message[SNSA,admin,adminContent[auth,[name=SNSA,password=Unbeatable,client.version=0.9.6]]]
06/12 10:29:45 FINEST client.SimClient|(2) received adminContent[auth,[server.version=0.8.19]]
06/12 10:29:45 FINER client.ServerConnection|(2) successfully logged in as SNSA
06/12 10:29:45 FINEST client.ServerConnection|(2) sending Message[SNSA,admin,adminContent[server time,[]]]
06/12 10:29:45 FINEST client.ServerConnection|(2) sending Message[SNSA,admin,adminContent[join simulation,[]]]
06/12 10:29:45 FINEST client.SimClient|(2) received adminContent[server time,[time=1544092185073]]
06/12 10:29:45 FINEST client.SimClient|(2) received adminContent[join simulation,[type=tac06scm,simulation=1,startTime=1544092200000,role=PCManufacturer]]
06/12 10:29:45 INFO client.SimClient|next simulation 1 starts in 14 seconds
06/12 10:30:00 FINEST client.SimClient|(2) received Message[coordinator,man2,startInfo[1,1544092200000,3300000,10,[customer.daysBeforeVoid=5,factory.address=factory2,factory.capacity=2000,factory.storageCost=33,bank.interestRate=8,bank.depositInterestRate=4,manufacturer.count=6,manufacturer.1=cat,manufacturer.2=SNSA,manufacturer.3=ouragent,manufacturer.4=ThinAgent,manufacturer.5=Dummy,manufacturer.6=Dummy-2]]]
06/12 10:30:00 FINE client.SimClient|Entering log for simulation 1
************************************************************
* Entering log for simulation 1
************************************************************


06/12 11:25:00 FINEST client.ServerConnection|(2) sending Message[SNSA,admin,adminContent[join simulation,[]]]
06/12 11:25:00 FINEST client.SimClient|(2) received adminContent[join simulation,[type=tac06scm,startTime=1544095560000,role=PCManufacturer]]
06/12 11:25:00 FINER client.SimClient|creating agent instance of ExampleAgent
06/12 11:25:00 INFO client.SimClient|next simulation starts in 59 seconds
06/12 11:26:00 FINEST client.SimClient|(2) received Message[coordinator,man4,startInfo[2,1544095560000,3300000,10,[customer.daysBeforeVoid=5,factory.address=factory4,factory.capacity=2000,factory.storageCost=27,bank.interestRate=7,bank.depositInterestRate=3,manufacturer.count=6,manufacturer.1=ouragent,manufacturer.2=ThinAgent,manufacturer.3=cat,manufacturer.4=SNSA,manufacturer.5=Dummy,manufacturer.6=Dummy-2]]]
06/12 11:26:00 FINE client.SimClient|Entering log for simulation 2
************************************************************
* Entering log for simulation 2
************************************************************


