05/12 11:43:45 FINER client.SimClient|creating agent instance of ExampleAgent
05/12 11:43:45 FINE client.ServerConnection|(1) connecting to server 192.168.20.186 at port 6502
05/12 11:43:46 FINE client.ServerConnection|(1) connected to server 192.168.20.186
05/12 11:43:46 FINEST client.ServerConnection|(1) sending Message[test,admin,adminContent[auth,[name=test,password=testing,client.version=0.9.6]]]
05/12 11:43:46 FINEST client.SimClient|(1) received adminContent[auth,[server.version=0.8.19]]
05/12 11:43:46 FINER client.ServerConnection|(1) successfully logged in as test
05/12 11:43:46 FINEST client.ServerConnection|(1) sending Message[test,admin,adminContent[server time,[]]]
05/12 11:43:46 FINEST client.ServerConnection|(1) sending Message[test,admin,adminContent[join simulation,[]]]
05/12 11:43:46 FINEST client.SimClient|(1) received adminContent[server time,[time=1544006627141]]
05/12 10:43:47 FINEST client.SimClient|(1) received adminContent[join simulation,[type=tac06scm,startTime=1544006700000,role=PCManufacturer]]
05/12 10:43:47 INFO client.SimClient|next simulation starts in 72 seconds
05/12 10:43:47 INFO client.SimClient|[will reconnect in 0 minutes, 57 seconds]
05/12 10:43:47 FINEST client.ServerConnection|(1) sending Message[test,admin,adminContent[quit,[]]]
05/12 10:43:47 FINEST client.ServerConnection|(1) received Message[admin,test,adminContent[quit,[]]]
05/12 10:43:47 FINE client.ServerConnection|(1) disconnected from server 192.168.20.186
05/12 10:44:45 FINE client.ServerConnection|(2) connecting to server 192.168.20.186 at port 6502
05/12 10:44:45 FINE client.ServerConnection|(2) connected to server 192.168.20.186
05/12 10:44:45 FINEST client.ServerConnection|(2) sending Message[test,admin,adminContent[auth,[name=test,password=testing,client.version=0.9.6]]]
05/12 10:44:45 FINEST client.SimClient|(2) received adminContent[auth,[server.version=0.8.19]]
05/12 10:44:45 FINER client.ServerConnection|(2) successfully logged in as test
05/12 10:44:45 FINEST client.ServerConnection|(2) sending Message[test,admin,adminContent[server time,[]]]
05/12 10:44:45 FINEST client.ServerConnection|(2) sending Message[test,admin,adminContent[join simulation,[]]]
05/12 10:44:45 FINEST client.SimClient|(2) received adminContent[server time,[time=1544006685117]]
05/12 10:44:45 FINEST client.SimClient|(2) received adminContent[join simulation,[type=tac06scm,simulation=1,startTime=1544006700000,role=PCManufacturer]]
05/12 10:44:45 INFO client.SimClient|next simulation 1 starts in 14 seconds
05/12 10:45:00 FINEST client.SimClient|(2) received Message[coordinator,man1,startInfo[1,1544006700000,600000,2,[customer.daysBeforeVoid=5,factory.address=factory1,factory.capacity=2000,factory.storageCost=40,bank.interestRate=9,bank.depositInterestRate=4,manufacturer.count=6,manufacturer.1=test,manufacturer.2=cat,manufacturer.3=Dummy,manufacturer.4=Dummy-2,manufacturer.5=Dummy-3,manufacturer.6=Dummy-4]]]
05/12 10:45:00 FINE client.SimClient|Entering log for simulation 1
************************************************************
* Entering log for simulation 1
************************************************************


05/12 10:55:00 FINEST client.ServerConnection|(2) sending Message[test,admin,adminContent[join simulation,[]]]
05/12 10:55:00 FINEST client.SimClient|(2) received adminContent[join simulation,[type=tac06scm,startTime=1544007360000,role=PCManufacturer]]
05/12 10:55:00 FINER client.SimClient|creating agent instance of ExampleAgent
05/12 10:55:00 INFO client.SimClient|next simulation starts in 59 seconds
05/12 10:56:00 FINEST client.SimClient|(2) received Message[coordinator,man2,startInfo[2,1544007360000,600000,2,[customer.daysBeforeVoid=5,factory.address=factory2,factory.capacity=2000,factory.storageCost=47,bank.interestRate=6,bank.depositInterestRate=3,manufacturer.count=6,manufacturer.1=cat,manufacturer.2=test,manufacturer.3=Dummy,manufacturer.4=Dummy-2,manufacturer.5=Dummy-3,manufacturer.6=Dummy-4]]]
05/12 10:56:00 FINE client.SimClient|Entering log for simulation 2
************************************************************
* Entering log for simulation 2
************************************************************


