30/11 10:08:49 FINER client.SimClient|creating agent instance of ExampleAgent
30/11 10:08:49 FINE client.ServerConnection|(1) connecting to server 127.0.01 at port 6502
30/11 10:08:49 FINE client.ServerConnection|(1) connected to server 127.0.01
30/11 10:08:49 FINEST client.ServerConnection|(1) sending Message[test,admin,adminContent[auth,[name=test,password=testing,client.version=0.9.6]]]
30/11 10:08:49 FINEST client.SimClient|(1) received adminContent[auth,[server.version=0.8.19]]
30/11 10:08:49 FINER client.ServerConnection|(1) successfully logged in as test
30/11 10:08:49 FINEST client.ServerConnection|(1) sending Message[test,admin,adminContent[server time,[]]]
30/11 10:08:49 FINEST client.ServerConnection|(1) sending Message[test,admin,adminContent[join simulation,[]]]
30/11 10:08:49 FINEST client.SimClient|(1) received adminContent[server time,[time=1543568929801]]
30/11 09:08:49 FINEST client.SimClient|(1) received adminContent[join simulation,[type=tac06scm,startTime=1543569000000,role=PCManufacturer]]
30/11 09:08:49 INFO client.SimClient|next simulation starts in 70 seconds
30/11 09:08:49 INFO client.SimClient|[will reconnect in 0 minutes, 55 seconds]
30/11 09:08:49 FINEST client.ServerConnection|(1) sending Message[test,admin,adminContent[quit,[]]]
30/11 09:08:49 FINEST client.ServerConnection|(1) received Message[admin,test,adminContent[quit,[]]]
30/11 09:08:49 FINE client.ServerConnection|(1) disconnected from server 127.0.01
30/11 09:09:45 FINE client.ServerConnection|(2) connecting to server 127.0.01 at port 6502
30/11 09:09:45 FINE client.ServerConnection|(2) connected to server 127.0.01
30/11 09:09:45 FINEST client.ServerConnection|(2) sending Message[test,admin,adminContent[auth,[name=test,password=testing,client.version=0.9.6]]]
30/11 09:09:45 FINEST client.SimClient|(2) received adminContent[auth,[server.version=0.8.19]]
30/11 09:09:45 FINER client.ServerConnection|(2) successfully logged in as test
30/11 09:09:45 FINEST client.ServerConnection|(2) sending Message[test,admin,adminContent[server time,[]]]
30/11 09:09:45 FINEST client.ServerConnection|(2) sending Message[test,admin,adminContent[join simulation,[]]]
30/11 09:09:45 FINEST client.SimClient|(2) received adminContent[server time,[time=1543568985048]]
30/11 09:09:45 FINEST client.SimClient|(2) received adminContent[join simulation,[type=tac06scm,simulation=110,startTime=1543569000000,role=PCManufacturer]]
30/11 09:09:45 INFO client.SimClient|next simulation 110 starts in 14 seconds
30/11 09:10:00 FINEST client.SimClient|(2) received Message[coordinator,man1,startInfo[110,1543569000000,1000000,5,[customer.daysBeforeVoid=5,factory.address=factory1,factory.capacity=2000,factory.storageCost=34,bank.interestRate=8,bank.depositInterestRate=4,manufacturer.count=6,manufacturer.1=test,manufacturer.2=Dummy,manufacturer.3=Dummy-2,manufacturer.4=Dummy-3,manufacturer.5=Dummy-4,manufacturer.6=Dummy-5]]]
30/11 09:10:00 FINEST client.SimClient|(2) received Message[coordinator,man1,bomBundle[Pintel 2GHz 1/300GB(1)={100,200,300,400},Pintel 2GHz 1/500GB(2)={100,200,300,401},Pintel 2GHz 2/300GB(3)={100,200,301,400},Pintel 2GHz 2/500GB(4)={100,200,301,401},Pintel 5GHz 1/300GB(5)={101,200,300,400},Pintel 5GHz 1/500GB(6)={101,200,300,401},Pintel 5GHz 2/300GB(7)={101,200,301,400},Pintel 5GHz 2/500GB(8)={101,200,301,401},IMD 2GHz 1/300GB(9)={110,210,300,400},IMD 2GHz 1/500GB(10)={110,210,300,401},IMD 2GHz 2/300GB(11)={110,210,301,400},IMD 2GHz 2/500GB(12)={110,210,301,401},IMD 5GHz 1/300GB(13)={111,210,300,400},IMD 5GHz 1/500GB(14)={111,210,300,401},IMD 5GHz 2/300GB(15)={111,210,301,400},IMD 5GHz 2/500GB(16)={111,210,301,401}][high=[6,7,8,15,16],mid=[3,4,5,12,13,14],low=[1,2,9,10,11]]]
30/11 09:10:00 FINE client.SimClient|Entering log for simulation 110
************************************************************
* Entering log for simulation 110
************************************************************


