29/11 14:03:15 FINER client.SimClient|creating agent instance of ExampleAgent
29/11 14:03:15 FINE client.ServerConnection|(1) connecting to server 127.0.01 at port 6502
29/11 14:03:15 SEVERE client.ServerConnection|(1) connection to server failed
java.net.ConnectException: Connection refused (Connection refused)
	at java.base/java.net.PlainSocketImpl.socketConnect(Native Method)
	at java.base/java.net.AbstractPlainSocketImpl.doConnect(AbstractPlainSocketImpl.java:400)
	at java.base/java.net.AbstractPlainSocketImpl.connectToAddress(AbstractPlainSocketImpl.java:243)
	at java.base/java.net.AbstractPlainSocketImpl.connect(AbstractPlainSocketImpl.java:225)
	at java.base/java.net.SocksSocketImpl.connect(SocksSocketImpl.java:402)
	at java.base/java.net.Socket.connect(Socket.java:591)
	at java.base/java.net.Socket.connect(Socket.java:540)
	at java.base/java.net.Socket.<init>(Socket.java:436)
	at java.base/java.net.Socket.<init>(Socket.java:213)
	at se.sics.tasim.aw.client.ServerConnection.connect(ServerConnection.java:136)
	at se.sics.tasim.aw.client.ServerConnection.run(ServerConnection.java:196)
	at java.base/java.lang.Thread.run(Thread.java:844)
29/11 14:03:15 SEVERE client.SimClient|************************************************************
29/11 14:03:15 SEVERE client.SimClient|* Connection Failed
29/11 14:03:15 SEVERE client.SimClient|* Could not connect to 127.0.01 (will retry in 30 seconds)
29/11 14:03:15 SEVERE client.SimClient|************************************************************
